
[1mGammaCombo 1.4.0 [0m-- All rights reserved under GPLv3, http://www.gnu.org/licenses/gpl.txt


Combiner Configuration: 2D Gaus & Gaus 1
=======================
 1. [measurement   2] 1D Gaussian (a_{obs} =  1.5)                                     
 2. [measurement   3] 2D Gaussian (a_{obs}, b_{obs})                                   
=======================
   3 input observables: ( a_gaus_obsUID0, a_gaus_obsUID1, b_gaus_obsUID1 )
   2 free parameters:   ( a_gaus, b_gaus )
=======================

Start parameter configuration:

  No start parameter file was found, will use the default values
  configured in ParameterAbs class. Start parameter files are searched
  in the following order:
  1. --parfile option
  2. default start paramter file: plots/par/tutorial_tutorial5_a_gaus_start.dat

Scan strategy:
==============

1. perform an initial scan
2. perform an additional scan starting from each solution found

first scan ...
MethodProbScan::scan1d() : scanning 0%   MethodProbScan::scan1d() : scanning 10%   MethodProbScan::scan1d() : scanning 20%   MethodProbScan::scan1d() : scanning 30%   MethodProbScan::scan1d() : scanning 40%   MethodProbScan::scan1d() : scanning 50%   MethodProbScan::scan1d() : scanning 60%   MethodProbScan::scan1d() : scanning 70%   MethodProbScan::scan1d() : scanning 80%   MethodProbScan::scan1d() : scanning 90%   MethodProbScan::scan1d() : scan done.           
Scan i: 0
MethodProbScan::scan1d() : scanning 0%   MethodProbScan::scan1d() : scanning 10%   MethodProbScan::scan1d() : scanning 20%   MethodProbScan::scan1d() : scanning 30%   MethodProbScan::scan1d() : scanning 40%   MethodProbScan::scan1d() : scanning 50%   MethodProbScan::scan1d() : scanning 60%   MethodProbScan::scan1d() : scanning 70%   MethodProbScan::scan1d() : scanning 80%   MethodProbScan::scan1d() : scanning 90%   MethodProbScan::scan1d() : scan done.           

Results:
========

SOLUTION 0:

  combination: tutorial5
  title:       2D Gaus & Gaus 1
  date:        Tue Aug 12 12:14:43 2025
  FCN: 1.54028, EDM: 9.27831e-22
  COV quality: 3, status: 0, confirmed: yes

    Parameter                      FinalValue +/- Error (HESSE)
  ----------------------------   ---------------------------------
     0                 a_gaus         1.2002 +/-   0.462758
     1                 b_gaus        2.16012 +/-   0.846813

Computing CL values based on test statistic decision
Using 2-sided test statistic
saving parameters to: plots/par/tutorial_tutorial5_a_gaus.dat
CONFIDENCE INTERVALS for combination tutorial5

a_gaus = [   0.74,    1.66] (   1.20 -   0.46 +   0.46) @0.68CL, Prob

a_gaus = [   0.27,    2.13] (   1.20 -   0.93 +   0.93) @0.95CL, Prob

a_gaus = [   -0.2,     2.5] (    1.2 -    1.4 +    1.3) @1.00CL, Prob




a_gaus = [  -2.50,    2.50] @1.00CL, Prob (boundary scan)

Fit quality: chi2/(nObs-nPar) = 1.54/(3-2), P = 21.5%

saving plot (pdf and other formats) to: plots/pdf/tutorial_tutorial5_a_gaus.pdf

Real time 0:00:00, CP time 0.700
