[#0] WARNING:InputArguments -- The parameter 'sigma' with range [-inf, inf] of the RooGaussian 'g' exceeds the safe range of (0, inf). Advise to limit its range.
[#0] WARNING:InputArguments -- The parameter 'norm_constant_sigma' with range [-inf, inf] of the RooGaussian 'norm_constant_constraint' exceeds the safe range of (0, inf). Advise to limit its range.
[#1] INFO:Minimization -- p.d.f. provides expected number of events, including extended term in likelihood.
[#1] INFO:Minimization --  Including the following constraint terms in minimization: (norm_constant_constraint)
[#1] INFO:Minimization -- The global observables are not defined , normalize constraints with respect to the parameters (Nbkg,branchingRatio,exponent,mean,norm_constant,sigma)
[#1] INFO:Fitting -- RooAbsPdf::fitTo(mass_model) fixing normalization set for coefficient determination to observables in data
[#1] INFO:Fitting -- using CPU computation library compiled with -mavx2
[#1] INFO:Fitting -- RooAddition::defaultErrorLevel(nll_mass_model_data) Summation contains a RooNLLVar, using its error level
[#1] INFO:Minimization -- RooAbsMinimizerFcn::setOptimizeConst: activating const optimization
Minuit2Minimizer: Minimize with max-calls 2000 convergence for edm < 1 strategy 1
Info in <Minuit2>: MnSeedGenerator Computing seed using NumericalGradient calculator
Info in <Minuit2>: MnSeedGenerator Initial state: FCN =      -324.1313427 Edm =       1.713124064 NCalls =     19
Info in <Minuit2>: MnSeedGenerator Initial state  
  Minimum value : -324.1313427
  Edm           : 1.713124064
  Internal parameters:	[   -0.02000133357      -1.36169483  -0.001000000167     -1.370461484]	
  Internal gradient  :	[     -91.58240995     -24.25592754     -31469.43624     -196.4824236]	
  Internal covariance matrix:
[[  0.00038598192              0              0              0]
 [              0  0.00030204823              0              0]
 [              0              0  1.4536578e-09              0]
 [              0              0              0  5.1750121e-05]]]
Info in <Minuit2>: VariableMetricBuilder Start iterating until Edm is < 0.001 with call limit = 2000
Info in <Minuit2>: VariableMetricBuilder    0 - FCN =      -324.1313427 Edm =       1.713124064 NCalls =     19
Info in <Minuit2>: VariableMetricBuilder    1 - FCN =      -325.7777466 Edm =     0.02911618445 NCalls =     30
Info in <Minuit2>: VariableMetricBuilder    2 - FCN =      -325.8098566 Edm =    0.000785156238 NCalls =     40
Info in <Minuit2>: VariableMetricBuilder    3 - FCN =      -325.8106474 Edm =   4.130927327e-06 NCalls =     49
Info in <Minuit2>: VariableMetricBuilder After Hessian
Info in <Minuit2>: VariableMetricBuilder    4 - FCN =      -325.8106474 Edm =   4.101376297e-06 NCalls =     72
Minuit2Minimizer : Valid minimum - status = 0
FVAL  = -325.810647411212358
Edm   = 4.1013762970932017e-06
Nfcn  = 72
Nbkg	  = 4990.06	 +/-  71.8162	(limited)
branchingRatio	  = 1.02858e-07	 +/-  1.40162e-07	(limited)
exponent	  = -0.000977126	 +/-  2.70034e-05	(limited)
norm_constant	  = 1.04986e-08	 +/-  5.00018e-10	(limited)
Info in <Minuit2>: Minuit2Minimizer::Hesse Using max-calls 2000
Info in <Minuit2>: Minuit2Minimizer::Hesse Hesse is valid - matrix is accurate
[#1] INFO:Minimization -- RooAbsMinimizerFcn::setOptimizeConst: deactivating const optimization
Info in <TCanvas::Print>: pdf file plots/pdf/data_and_fit_in_workspace.pdf has been created

  RooFitResult: minimized FCN value: -325.811, estimated distance to minimum: 4.10168e-06
                covariance matrix quality: Full, accurate covariance matrix
                Status : MINIMIZE=0 HESSE=0 

    Floating Parameter    FinalValue +/-  Error   
  --------------------  --------------------------
                  Nbkg    4.9901e+03 +/-  7.18e+01
        branchingRatio    1.0286e-07 +/-  1.40e-07
              exponent   -9.7713e-04 +/-  2.70e-05
         norm_constant    1.0499e-08 +/-  5.00e-10

[#1] INFO:ObjectHandling -- RooWorkspace::import(dataset_workspace) importing RooAddPdf::mass_model
[#1] INFO:ObjectHandling -- RooWorkspace::import(dataset_workspace) importing RooGaussian::g
[#1] INFO:ObjectHandling -- RooWorkspace::import(dataset_workspace) importing RooRealVar::mass
[#1] INFO:ObjectHandling -- RooWorkspace::import(dataset_workspace) importing RooRealVar::mean
[#1] INFO:ObjectHandling -- RooWorkspace::import(dataset_workspace) importing RooRealVar::sigma
[#1] INFO:ObjectHandling -- RooWorkspace::import(dataset_workspace) importing RooFormulaVar::Nsig
[#1] INFO:ObjectHandling -- RooWorkspace::import(dataset_workspace) importing RooRealVar::branchingRatio
[#1] INFO:ObjectHandling -- RooWorkspace::import(dataset_workspace) importing RooRealVar::norm_constant
[#1] INFO:ObjectHandling -- RooWorkspace::import(dataset_workspace) importing RooExponential::background_model
[#1] INFO:ObjectHandling -- RooWorkspace::import(dataset_workspace) importing RooRealVar::exponent
[#1] INFO:ObjectHandling -- RooWorkspace::import(dataset_workspace) importing RooRealVar::Nbkg
[#1] INFO:ObjectHandling -- RooWorkspace::import(dataset_workspace) importing RooExtendPdf::extended_bkg_model
[#1] INFO:ObjectHandling -- RooWorkspace::import(dataset_workspace) importing RooExponential::bkg_only_model
[#1] INFO:ObjectHandling -- RooWorkspace::import(dataset_workspace) importing dataset data
[#1] INFO:ObjectHandling -- RooWorkspace::import(dataset_workspace) importing RooGaussian::norm_constant_constraint
[#1] INFO:ObjectHandling -- RooWorkspace::import(dataset_workspace) importing RooRealVar::norm_constant_glob_obs
[#1] INFO:ObjectHandling -- RooWorkspace::import(dataset_workspace) importing RooRealVar::norm_constant_sigma
Info in <RooWorkspace::SaveAs>: ROOT file workspace.root has been created
