INFO in PDF_Datasets::initData -- Data initialized
intitalising no multipdf. isPdfSet=0 isMultipdfSet=0.
INFO in PDF_Datasets::initPDF -- PDF initialized
[#1] INFO:Minimization --  Including the following constraint terms in minimization: (norm_constant_constraint)
[#1] INFO:Minimization -- The global observables are not defined , normalize constraints with respect to the parameters (Nbkg,branchingRatio,exponent,mean,norm_constant,sigma)
[#1] INFO:Fitting -- RooAbsPdf::fitTo(mass_model) fixing normalization set for coefficient determination to observables in data
[#1] INFO:Fitting -- using CPU computation library compiled with -mavx2
[#1] INFO:Eval -- RooRealVar::setRange(mass) new range named 'unblind0' created with bounds [4360,6360]

[1mGammaCombo 1.0.0 [0m-- All rights reserved under GPLv3, http://www.gnu.org/licenses/gpl.txt

=============== Global minimum (2*-Log(Likelihood)) is: -651.621
=============== Bkg minimum (2*-Log(Likelihood)) is: -651.059
loading scanner: plots/scanner/tutorial_dataset_scanner_PDF_Dataset_DatasetsProb_branchingRatio.root
analysing toys ...
  5%
 10%
 15%
 20%
 25%
 30%
 35%
 40%
 45%
 50%
 55%
 60%
 65%
 70%
 75%
 80%
 85%
 90%
 95%
100%
Best fit at: scanVar  = 1.0281e-07 with Chi2Min: -651.621
=============== Global Minimum (2*-Log(Likelihood)) is: -651.621
=============== Bkg minimum (2*-Log(Likelihood)) is: -651.059
MethodDatasetsPluginScan::scan1d_plugin() : starting ... with 20 scanpoints...
  5%
 10%
 15%
 20%
 25%
 30%
 35%
 40%
 45%
 50%
 55%
 60%
 65%
 70%
 75%
 80%
 85%
 90%
 95%
100%
Dataset Scan Done

Real time 0:00:01, CP time 1.380
